[01m[K/home/robo/Motors-Communication/src/motors_pkg/src/motors_communication.cpp:20:1:[m[K [01;31m[Kerror: [m[Kâ€˜[01m[KMotorsCommunication[m[Kâ€™ does not name a type
   20 | [01;31m[KMotorsCommunication[m[K::MotorsCommunication()
      | [01;31m[K^~~~~~~~~~~~~~~~~~~[m[K
[01m[K/home/robo/Motors-Communication/src/motors_pkg/src/motors_communication.cpp:[m[K In function â€˜[01m[Kint main(int, char**)[m[Kâ€™:
[01m[K/home/robo/Motors-Communication/src/motors_pkg/src/motors_communication.cpp:49:40:[m[K [01;31m[Kerror: [m[Kâ€˜[01m[KMotorsCommunication[m[Kâ€™ was not declared in this scope
   49 |     auto motorscomm = std::make_shared<[01;31m[KMotorsCommunication[m[K>();
      |                                        [01;31m[K^~~~~~~~~~~~~~~~~~~[m[K
[01m[K/home/robo/Motors-Communication/src/motors_pkg/src/motors_communication.cpp:49:60:[m[K [01;31m[Kerror: [m[Kno matching function for call to â€˜[01m[Kmake_shared<<expression error> >()[m[Kâ€™
   49 |     auto motorscomm = [01;31m[Kstd::make_shared<MotorsCommunication>()[m[K;
      |                       [01;31m[K~~~~~~~~~~~~~~~~~~~~~~~~~~~~~~~~~~~~~^~[m[K
In file included from [01m[K/usr/include/c++/11/memory:77[m[K,
                 from [01m[K/opt/ros/humble/include/rclcpp/rclcpp/rclcpp.hpp:153[m[K,
                 from [01m[K/home/robo/Motors-Communication/src/motors_pkg/src/motors_communication.cpp:1[m[K:
[01m[K/usr/include/c++/11/bits/shared_ptr.h:875:5:[m[K [01;36m[Knote: [m[Kcandidate: â€˜[01m[Ktemplate<class _Tp, class ... _Args> std::shared_ptr<_Tp> std::make_shared(_Args&& ...)[m[Kâ€™
  875 |     [01;36m[Kmake_shared[m[K(_Args&&... __args)
      |     [01;36m[K^~~~~~~~~~~[m[K
[01m[K/usr/include/c++/11/bits/shared_ptr.h:875:5:[m[K [01;36m[Knote: [m[K  template argument deduction/substitution failed:
[01m[K/home/robo/Motors-Communication/src/motors_pkg/src/motors_communication.cpp:49:60:[m[K [01;31m[Kerror: [m[Ktemplate argument 1 is invalid
   49 |     auto motorscomm = [01;31m[Kstd::make_shared<MotorsCommunication>()[m[K;
      |                       [01;31m[K~~~~~~~~~~~~~~~~~~~~~~~~~~~~~~~~~~~~~^~[m[K
gmake[2]: *** [CMakeFiles/motors_communication.dir/build.make:76: CMakeFiles/motors_communication.dir/src/motors_communication.cpp.o] Error 1
gmake[1]: *** [CMakeFiles/Makefile2:137: CMakeFiles/motors_communication.dir/all] Error 2
gmake: *** [Makefile:146: all] Error 2
