[01m[K/home/fei/publish_motors_position/src/motors_pkg/src/motors_communication.cpp:[m[K In constructor â€˜[01m[KMotorsCommunication::MotorsCommunication()[m[Kâ€™:
[01m[K/home/fei/publish_motors_position/src/motors_pkg/src/motors_communication.cpp:13:24:[m[K [01;31m[Kerror: [m[Kâ€˜[01m[KMotorPublisher[m[Kâ€™ has not been declared
   13 |             std::bind(&[01;31m[KMotorPublisher[m[K::command_callback, this, std::placeholders::_1));
      |                        [01;31m[K^~~~~~~~~~~~~~[m[K
[01m[K/home/fei/publish_motors_position/src/motors_pkg/src/motors_communication.cpp:[m[K In member function â€˜[01m[Kvoid MotorsCommunication::command_callback(std_msgs::msg::Int32MultiArray_<std::allocator<void> >::SharedPtr)[m[Kâ€™:
[01m[K/home/fei/publish_motors_position/src/motors_pkg/src/motors_communication.cpp:24:21:[m[K [01;31m[Kerror: [m[Kâ€˜[01m[Kmotor_id[m[Kâ€™ was not declared in this scope
   24 |         std::cin >> [01;31m[Kmotor_id[m[K;
      |                     [01;31m[K^~~~~~~~[m[K
[01m[K/home/fei/publish_motors_position/src/motors_pkg/src/motors_communication.cpp:27:21:[m[K [01;31m[Kerror: [m[Kâ€˜[01m[Ktarget_position[m[Kâ€™ was not declared in this scope
   27 |         std::cin >> [01;31m[Ktarget_position[m[K;
      |                     [01;31m[K^~~~~~~~~~~~~~~[m[K
[01m[K/home/fei/publish_motors_position/src/motors_pkg/src/motors_communication.cpp:33:19:[m[K [01;31m[Kerror: [m[Kâ€˜[01m[KSetPosition[m[Kâ€™ was not declared in this scope
   33 |         bool ok = [01;31m[KSetPosition[m[K(motor_id, target_position);
      |                   [01;31m[K^~~~~~~~~~~[m[K
gmake[2]: *** [CMakeFiles/motors_communication.dir/build.make:76: CMakeFiles/motors_communication.dir/src/motors_communication.cpp.o] Error 1
gmake[1]: *** [CMakeFiles/Makefile2:137: CMakeFiles/motors_communication.dir/all] Error 2
gmake: *** [Makefile:146: all] Error 2
