[0.030s] Invoking command in '/home/fei/publish_motors_position/build/motors_pkg': BYOBU_DATE=%Y-%m-%d CMAKE_PREFIX_PATH=/opt/ros/humble /usr/bin/cmake --build /home/fei/publish_motors_position/build/motors_pkg -- -j12 -l12
[0.124s] [35m[1mConsolidate compiler generated dependencies of target motors_communication[0m
[0.163s] [ 50%] [32mBuilding CXX object CMakeFiles/motors_communication.dir/src/motors_communication.cpp.o[0m
[3.113s] [01m[K/home/fei/publish_motors_position/src/motors_pkg/src/motors_communication.cpp:[m[K In constructor â€˜[01m[KMotorsCommunication::MotorsCommunication()[m[Kâ€™:
[3.113s] [01m[K/home/fei/publish_motors_position/src/motors_pkg/src/motors_communication.cpp:13:24:[m[K [01;31m[Kerror: [m[Kâ€˜[01m[KMotorPublisher[m[Kâ€™ has not been declared
[3.113s]    13 |             std::bind(&[01;31m[KMotorPublisher[m[K::command_callback, this, std::placeholders::_1));
[3.113s]       |                        [01;31m[K^~~~~~~~~~~~~~[m[K
[3.126s] [01m[K/home/fei/publish_motors_position/src/motors_pkg/src/motors_communication.cpp:[m[K In member function â€˜[01m[Kvoid MotorsCommunication::command_callback(std_msgs::msg::Int32MultiArray_<std::allocator<void> >::SharedPtr)[m[Kâ€™:
[3.126s] [01m[K/home/fei/publish_motors_position/src/motors_pkg/src/motors_communication.cpp:24:21:[m[K [01;31m[Kerror: [m[Kâ€˜[01m[Kmotor_id[m[Kâ€™ was not declared in this scope
[3.127s]    24 |         std::cin >> [01;31m[Kmotor_id[m[K;
[3.127s]       |                     [01;31m[K^~~~~~~~[m[K
[3.139s] [01m[K/home/fei/publish_motors_position/src/motors_pkg/src/motors_communication.cpp:27:21:[m[K [01;31m[Kerror: [m[Kâ€˜[01m[Ktarget_position[m[Kâ€™ was not declared in this scope
[3.139s]    27 |         std::cin >> [01;31m[Ktarget_position[m[K;
[3.139s]       |                     [01;31m[K^~~~~~~~~~~~~~~[m[K
[3.149s] [01m[K/home/fei/publish_motors_position/src/motors_pkg/src/motors_communication.cpp:33:19:[m[K [01;31m[Kerror: [m[Kâ€˜[01m[KSetPosition[m[Kâ€™ was not declared in this scope
[3.149s]    33 |         bool ok = [01;31m[KSetPosition[m[K(motor_id, target_position);
[3.149s]       |                   [01;31m[K^~~~~~~~~~~[m[K
[3.742s] gmake[2]: *** [CMakeFiles/motors_communication.dir/build.make:76: CMakeFiles/motors_communication.dir/src/motors_communication.cpp.o] Error 1
[3.742s] gmake[1]: *** [CMakeFiles/Makefile2:137: CMakeFiles/motors_communication.dir/all] Error 2
[3.743s] gmake: *** [Makefile:146: all] Error 2
[3.748s] Invoked command in '/home/fei/publish_motors_position/build/motors_pkg' returned '2': BYOBU_DATE=%Y-%m-%d CMAKE_PREFIX_PATH=/opt/ros/humble /usr/bin/cmake --build /home/fei/publish_motors_position/build/motors_pkg -- -j12 -l12
