[01m[K/home/robo/Motors-Communication/src/motors_pkg/src/motors_communication.cpp:20:1:[m[K [01;31m[Kerror: [m[Kâ€˜[01m[KMotorsCommunication[m[Kâ€™ does not name a type
   20 | [01;31m[KMotorsCommunication[m[K::MotorsCommunication()
      | [01;31m[K^~~~~~~~~~~~~~~~~~~[m[K
[01m[K/home/robo/Motors-Communication/src/motors_pkg/src/motors_communication.cpp:[m[K In function â€˜[01m[Kint main(int, char**)[m[Kâ€™:
[01m[K/home/robo/Motors-Communication/src/motors_pkg/src/motors_communication.cpp:48:5:[m[K [01;31m[Kerror: [m[Kâ€˜[01m[Krclcpp[m[Kâ€™ has not been declared
   48 |     [01;31m[Krclcpp[m[K::init(argc, argv);
      |     [01;31m[K^~~~~~[m[K
[01m[K/home/robo/Motors-Communication/src/motors_pkg/src/motors_communication.cpp:49:28:[m[K [01;31m[Kerror: [m[Kâ€˜[01m[Kmake_shared[m[Kâ€™ is not a member of â€˜[01m[Kstd[m[Kâ€™
   49 |     auto motorscomm = std::[01;31m[Kmake_shared[m[K<MotorsCommunication>();
      |                            [01;31m[K^~~~~~~~~~~[m[K
[01m[K/home/robo/Motors-Communication/src/motors_pkg/src/motors_communication.cpp:3:1:[m[K [01;36m[Knote: [m[Kâ€˜[01m[Kstd::make_shared[m[Kâ€™ is defined in header â€˜[01m[K<memory>[m[Kâ€™; did you forget to â€˜[01m[K#include <memory>[m[Kâ€™?
    2 | #include "dynamixel_sdk/dynamixel_sdk.h"
  +++ |+[32m[K#include <memory>[m[K
    3 | 
[01m[K/home/robo/Motors-Communication/src/motors_pkg/src/motors_communication.cpp:49:40:[m[K [01;31m[Kerror: [m[Kâ€˜[01m[KMotorsCommunication[m[Kâ€™ was not declared in this scope
   49 |     auto motorscomm = std::make_shared<[01;31m[KMotorsCommunication[m[K>();
      |                                        [01;31m[K^~~~~~~~~~~~~~~~~~~[m[K
[01m[K/home/robo/Motors-Communication/src/motors_pkg/src/motors_communication.cpp:49:61:[m[K [01;31m[Kerror: [m[Kexpected primary-expression before â€˜[01m[K)[m[Kâ€™ token
   49 |     auto motorscomm = std::make_shared<MotorsCommunication>([01;31m[K)[m[K;
      |                                                             [01;31m[K^[m[K
[01m[K/home/robo/Motors-Communication/src/motors_pkg/src/motors_communication.cpp:50:5:[m[K [01;31m[Kerror: [m[Kâ€˜[01m[Krclcpp[m[Kâ€™ has not been declared
   50 |     [01;31m[Krclcpp[m[K::spin(motorscomm);
      |     [01;31m[K^~~~~~[m[K
[01m[K/home/robo/Motors-Communication/src/motors_pkg/src/motors_communication.cpp:51:5:[m[K [01;31m[Kerror: [m[Kâ€˜[01m[Krclcpp[m[Kâ€™ has not been declared
   51 |     [01;31m[Krclcpp[m[K::shutdown();
      |     [01;31m[K^~~~~~[m[K
gmake[2]: *** [CMakeFiles/motors_communication.dir/build.make:76: CMakeFiles/motors_communication.dir/src/motors_communication.cpp.o] Error 1
gmake[1]: *** [CMakeFiles/Makefile2:137: CMakeFiles/motors_communication.dir/all] Error 2
gmake: *** [Makefile:146: all] Error 2
